2020-11-19 14:16:19,666 [main] [com.example.demo.SpringbootLogLevelApplication] [INFO] (StartupInfoLogger.java:50)- Starting SpringbootLogLevelApplication on DESKTOP-MPF9R39 with PID 1760 (E:\workspace-spring-tool-suite-4-4.1.2.RELEASE\springboot-log-level\target\classes started by zuoruibo in E:\workspace-spring-tool-suite-4-4.1.2.RELEASE\springboot-log-level)
2020-11-19 14:16:19,669 [main] [com.example.demo.SpringbootLogLevelApplication] [DEBUG] (StartupInfoLogger.java:53)- Running with Spring Boot v2.1.3.RELEASE, Spring v5.1.5.RELEASE
2020-11-19 14:16:19,670 [main] [com.example.demo.SpringbootLogLevelApplication] [INFO] (SpringApplication.java:675)- No active profile set, falling back to default profiles: default
2020-11-19 14:16:22,913 [main] [com.example.demo.SpringbootLogLevelApplication] [INFO] (StartupInfoLogger.java:59)- Started SpringbootLogLevelApplication in 3.645 seconds (JVM running for 6.012)
2020-11-19 14:17:55,380 [http-nio-9090-exec-2] [com.example.demo.config.MyHttpInterceptor] [INFO] (MyHttpInterceptor.java:48)- 请求参数, url: http://localhost:9090/hello, method: GET, params: null
2020-11-19 14:17:55,380 [http-nio-9090-exec-2] [com.example.demo.rest.InitController] [INFO] (InitController.java:28)- hello
2020-11-19 14:18:39,028 [http-nio-9090-exec-10] [com.example.demo.config.MyHttpInterceptor] [INFO] (MyHttpInterceptor.java:48)- 请求参数, url: http://localhost:9090/log/testLog, method: GET, params: null
2020-11-19 14:18:39,029 [http-nio-9090-exec-10] [com.example.demo.rest.LogController] [DEBUG] (LogController.java:41)- this is debug log
2020-11-19 14:18:39,030 [http-nio-9090-exec-10] [com.example.demo.rest.LogController] [INFO] (LogController.java:42)- this is info log
2020-11-19 14:19:07,751 [http-nio-9090-exec-4] [com.example.demo.config.MyHttpInterceptor] [INFO] (MyHttpInterceptor.java:48)- 请求参数, url: http://localhost:9090/log/getLogger, method: GET, params: null
2020-11-19 14:19:07,790 [http-nio-9090-exec-4] [com.example.demo.rest.LogController] [INFO] (LogController.java:57)- 当前项目：日志输出级别，url=http://localhost:9090/actuator/loggers/com.md，result={"configuredLevel":null,"effectiveLevel":"INFO"}
2020-11-19 14:23:56,708 [http-nio-9090-exec-8] [com.example.demo.config.MyHttpInterceptor] [INFO] (MyHttpInterceptor.java:48)- 请求参数, url: http://localhost:9090/doc.html, method: GET, params: null
2020-11-19 14:24:36,044 [main] [com.example.demo.SpringbootLogLevelApplication] [INFO] (StartupInfoLogger.java:50)- Starting SpringbootLogLevelApplication on DESKTOP-MPF9R39 with PID 15084 (E:\workspace-spring-tool-suite-4-4.1.2.RELEASE\springboot-log-level\target\classes started by zuoruibo in E:\workspace-spring-tool-suite-4-4.1.2.RELEASE\springboot-log-level)
2020-11-19 14:24:36,050 [main] [com.example.demo.SpringbootLogLevelApplication] [DEBUG] (StartupInfoLogger.java:53)- Running with Spring Boot v2.1.3.RELEASE, Spring v5.1.5.RELEASE
2020-11-19 14:24:36,051 [main] [com.example.demo.SpringbootLogLevelApplication] [INFO] (SpringApplication.java:675)- No active profile set, falling back to default profiles: default
2020-11-19 14:24:39,670 [main] [com.example.demo.SpringbootLogLevelApplication] [INFO] (StartupInfoLogger.java:59)- Started SpringbootLogLevelApplication in 4.032 seconds (JVM running for 6.32)
2020-11-19 14:25:44,146 [http-nio-9090-exec-1] [com.example.demo.config.MyHttpInterceptor] [INFO] (MyHttpInterceptor.java:48)- 请求参数, url: http://localhost:9090/doc.html, method: GET, params: null
2020-11-19 14:26:04,337 [http-nio-9090-exec-10] [com.example.demo.config.MyHttpInterceptor] [INFO] (MyHttpInterceptor.java:48)- 请求参数, url: http://localhost:9090/log/setLogger, method: POST, params: null
2020-11-19 14:26:04,376 [http-nio-9090-exec-10] [com.example.demo.rest.LogController] [INFO] (LogController.java:73)- 设置当前项目：日志输出级别，url=http://localhost:9090/actuator/loggers/com.md，param={"configuredLevel":"info"}，result=
2020-11-19 14:26:12,113 [http-nio-9090-exec-2] [com.example.demo.config.MyHttpInterceptor] [INFO] (MyHttpInterceptor.java:48)- 请求参数, url: http://localhost:9090/log/testLog, method: GET, params: null
2020-11-19 14:26:12,114 [http-nio-9090-exec-2] [com.example.demo.rest.LogController] [DEBUG] (LogController.java:41)- this is debug log
2020-11-19 14:26:12,114 [http-nio-9090-exec-2] [com.example.demo.rest.LogController] [INFO] (LogController.java:42)- this is info log
2020-11-19 14:26:37,584 [http-nio-9090-exec-4] [com.example.demo.config.MyHttpInterceptor] [INFO] (MyHttpInterceptor.java:48)- 请求参数, url: http://localhost:9090/log/getLogger, method: GET, params: null
2020-11-19 14:26:37,593 [http-nio-9090-exec-4] [com.example.demo.rest.LogController] [INFO] (LogController.java:57)- 当前项目：日志输出级别，url=http://localhost:9090/actuator/loggers/com.md，result={"configuredLevel":"INFO","effectiveLevel":"INFO"}
2020-11-19 14:26:58,126 [http-nio-9090-exec-7] [com.example.demo.config.MyHttpInterceptor] [INFO] (MyHttpInterceptor.java:48)- 请求参数, url: http://localhost:9090/log/setLogger, method: POST, params: null
2020-11-19 14:26:58,131 [http-nio-9090-exec-7] [com.example.demo.rest.LogController] [INFO] (LogController.java:73)- 设置当前项目：日志输出级别，url=http://localhost:9090/actuator/loggers/com.md，param={"configuredLevel":"debug"}，result=
2020-11-19 14:27:06,856 [http-nio-9090-exec-1] [com.example.demo.config.MyHttpInterceptor] [INFO] (MyHttpInterceptor.java:48)- 请求参数, url: http://localhost:9090/log/getLogger, method: GET, params: null
2020-11-19 14:27:06,862 [http-nio-9090-exec-1] [com.example.demo.rest.LogController] [INFO] (LogController.java:57)- 当前项目：日志输出级别，url=http://localhost:9090/actuator/loggers/com.md，result={"configuredLevel":"DEBUG","effectiveLevel":"DEBUG"}
